  Main.cpp
C:\Users\ayalo\OneDrive\Bureau\spc\Global.h(89,13): warning C4244: '=' : conversion de 'float' en 'short', perte possible de données
C:\Users\ayalo\OneDrive\Bureau\spc\Global.h(90,13): warning C4244: '=' : conversion de 'float' en 'short', perte possible de données
C:\Users\ayalo\OneDrive\Bureau\spc\Global.h(101,95): warning C4244: 'argument' : conversion de 'float' en 'T', perte possible de données
          with
          [
              T=int
          ]
C:\Users\ayalo\OneDrive\Bureau\spc\Global.h(101,76): warning C4244: 'argument' : conversion de 'float' en 'T', perte possible de données
          with
          [
              T=int
          ]
C:\Users\ayalo\OneDrive\Bureau\spc\Global.h(101,48): warning C4244: 'argument' : conversion de 'float' en 'T', perte possible de données
          with
          [
              T=int
          ]
C:\Users\ayalo\OneDrive\Bureau\spc\Global.h(101,24): warning C4244: 'argument' : conversion de 'float' en 'T', perte possible de données
          with
          [
              T=int
          ]
C:\Users\ayalo\OneDrive\Bureau\spc\Global.h(125,91): warning C4244: 'argument' : conversion de 'float' en 'T', perte possible de données
          with
          [
              T=int
          ]
C:\Users\ayalo\OneDrive\Bureau\spc\Global.h(125,73): warning C4244: 'argument' : conversion de 'float' en 'T', perte possible de données
          with
          [
              T=int
          ]
C:\Users\ayalo\OneDrive\Bureau\spc\Global.h(125,47): warning C4244: 'argument' : conversion de 'float' en 'T', perte possible de données
          with
          [
              T=int
          ]
C:\Users\ayalo\OneDrive\Bureau\spc\Global.h(125,24): warning C4244: 'argument' : conversion de 'float' en 'T', perte possible de données
          with
          [
              T=int
          ]
C:\Users\ayalo\OneDrive\Bureau\spc\Main.cpp(163,88): warning C4244: 'argument' : conversion de 'float' en 'T', perte possible de données
          with
          [
              T=int
          ]
C:\Users\ayalo\OneDrive\Bureau\spc\Main.cpp(163,60): warning C4244: 'argument' : conversion de 'float' en 'T', perte possible de données
          with
          [
              T=int
          ]
C:\Users\ayalo\OneDrive\Bureau\spc\Main.cpp(197,40): warning C4244: 'argument' : conversion de 'float' en 'short', perte possible de données
C:\Users\ayalo\OneDrive\Bureau\spc\Main.cpp(197,21): warning C4244: 'argument' : conversion de 'float' en 'short', perte possible de données
C:\Users\ayalo\OneDrive\Bureau\spc\Main.cpp(201,60): warning C4244: 'argument' : conversion de 'float' en 'short', perte possible de données
C:\Users\ayalo\OneDrive\Bureau\spc\Main.cpp(201,21): warning C4244: 'argument' : conversion de 'float' en 'short', perte possible de données
C:\Users\ayalo\OneDrive\Bureau\spc\Main.cpp(205,63): warning C4244: 'argument' : conversion de 'float' en 'short', perte possible de données
C:\Users\ayalo\OneDrive\Bureau\spc\Main.cpp(205,21): warning C4244: 'argument' : conversion de 'float' en 'short', perte possible de données
  spc.vcxproj -> C:\Users\ayalo\OneDrive\Bureau\spc\x64\Debug\spc.exe
